<?xml version="1.0" encoding="UTF-8"?>
<testsuite xmlns:xsi="http://www.w3.org/2001/XMLSchema-instance" xsi:noNamespaceSchemaLocation="https://maven.apache.org/surefire/maven-surefire-plugin/xsd/surefire-test-report-3.0.xsd" version="3.0" name="com.olixc.todo.TodoApiIntegrationTest" time="1.403" tests="3" errors="0" skipped="0" failures="0">
  <properties>
[...]
</properties>
  <testcase name="fullCrudWorkflow_ShouldWorkEndToEnd" classname="com.olixc.todo.TodoApiIntegrationTest" time="0.258">
    <system-out><![CDATA[2025-09-27T04:58:41.164+01:00  INFO 56375 --- [todo-api-test] [           main] t.c.s.AnnotationConfigContextLoaderUtils : Could not detect default configuration classes for test class [com.olixc.todo.TodoApiIntegrationTest]: TodoApiIntegrationTest does not declare any static, non-private, non-final, nested classes annotated with @Configuration.
2025-09-27T04:58:41.173+01:00  INFO 56375 --- [todo-api-test] [           main] .b.t.c.SpringBootTestContextBootstrapper : Found @SpringBootConfiguration com.olixc.todo.TodoApiApplication for test class com.olixc.todo.TodoApiIntegrationTest

  .   ____          _            __ _ _
 /\\ / ___'_ __ _ _(_)_ __  __ _ \ \ \ \
( ( )\___ | '_ | '_| | '_ \/ _` | \ \ \ \
 \\/  ___)| |_)| | | | | || (_| |  ) ) ) )
  '  |____| .__|_| |_|_| |_\__, | / / / /
 =========|_|==============|___/=/_/_/_/
 :: Spring Boot ::                (v3.2.0)

2025-09-27T04:58:41.261+01:00  INFO 56375 --- [todo-api-test] [           main] com.olixc.todo.TodoApiIntegrationTest    : Starting TodoApiIntegrationTest using Java 25 with PID 56375 (started by user in /Users/user/.iamolix/k8s/kubernetes-the-hard-way1/todo-api)
2025-09-27T04:58:41.261+01:00 DEBUG 56375 --- [todo-api-test] [           main] com.olixc.todo.TodoApiIntegrationTest    : Running with Spring Boot v3.2.0, Spring v6.1.1
2025-09-27T04:58:41.261+01:00  INFO 56375 --- [todo-api-test] [           main] com.olixc.todo.TodoApiIntegrationTest    : The following 1 profile is active: "test"
2025-09-27T04:58:41.264+01:00 DEBUG 56375 --- [todo-api-test] [           main] o.s.w.c.s.GenericWebApplicationContext   : Refreshing org.springframework.web.context.support.GenericWebApplicationContext@22781286
2025-09-27T04:58:41.573+01:00  INFO 56375 --- [todo-api-test] [           main] .s.d.r.c.RepositoryConfigurationDelegate : Bootstrapping Spring Data JPA repositories in DEFAULT mode.
2025-09-27T04:58:41.580+01:00  INFO 56375 --- [todo-api-test] [           main] .s.d.r.c.RepositoryConfigurationDelegate : Finished Spring Data repository scanning in 5 ms. Found 1 JPA repository interface.
2025-09-27T04:58:41.715+01:00  INFO 56375 --- [todo-api-test] [           main] o.hibernate.jpa.internal.util.LogHelper  : HHH000204: Processing PersistenceUnitInfo [name: default]
2025-09-27T04:58:41.717+01:00  INFO 56375 --- [todo-api-test] [           main] o.h.c.internal.RegionFactoryInitiator    : HHH000026: Second-level cache disabled
2025-09-27T04:58:41.719+01:00  INFO 56375 --- [todo-api-test] [           main] o.s.o.j.p.SpringPersistenceUnitInfo      : No LoadTimeWeaver setup: ignoring JPA class transformer
2025-09-27T04:58:41.721+01:00  INFO 56375 --- [todo-api-test] [           main] com.zaxxer.hikari.HikariDataSource       : HikariPool-1 - Starting...
2025-09-27T04:58:41.733+01:00  INFO 56375 --- [todo-api-test] [           main] com.zaxxer.hikari.pool.HikariPool        : HikariPool-1 - Added connection conn19: url=jdbc:h2:mem:testdb user=SA
2025-09-27T04:58:41.734+01:00  INFO 56375 --- [todo-api-test] [           main] com.zaxxer.hikari.HikariDataSource       : HikariPool-1 - Start completed.
2025-09-27T04:58:41.739+01:00  WARN 56375 --- [todo-api-test] [           main] org.hibernate.orm.deprecation            : HHH90000025: H2Dialect does not need to be specified explicitly using 'hibernate.dialect' (remove the property setting and it will be selected by default)
2025-09-27T04:58:41.780+01:00  INFO 56375 --- [todo-api-test] [           main] o.h.e.t.j.p.i.JtaPlatformInitiator       : HHH000489: No JTA platform available (set 'hibernate.transaction.jta.platform' to enable JTA platform integration)
2025-09-27T04:58:41.780+01:00 DEBUG 56375 --- [todo-api-test] [           main] org.hibernate.SQL                        : 
    drop table if exists todos cascade 
Hibernate: 
    drop table if exists todos cascade 
2025-09-27T04:58:41.782+01:00 DEBUG 56375 --- [todo-api-test] [           main] org.hibernate.SQL                        : 
    create table todos (
        completed boolean not null,
        created_at timestamp(6),
        id bigint generated by default as identity,
        updated_at timestamp(6),
        description varchar(255),
        title varchar(255) not null,
        primary key (id)
    )
Hibernate: 
    create table todos (
        completed boolean not null,
        created_at timestamp(6),
        id bigint generated by default as identity,
        updated_at timestamp(6),
        description varchar(255),
        title varchar(255) not null,
        primary key (id)
    )
2025-09-27T04:58:41.783+01:00  INFO 56375 --- [todo-api-test] [           main] j.LocalContainerEntityManagerFactoryBean : Initialized JPA EntityManagerFactory for persistence unit 'default'
2025-09-27T04:58:41.956+01:00  WARN 56375 --- [todo-api-test] [           main] JpaBaseConfiguration$JpaWebConfiguration : spring.jpa.open-in-view is enabled by default. Therefore, database queries may be performed during view rendering. Explicitly configure spring.jpa.open-in-view to disable this warning
2025-09-27T04:58:42.024+01:00 DEBUG 56375 --- [todo-api-test] [           main] s.w.s.m.m.a.RequestMappingHandlerMapping : 10 mappings in 'requestMappingHandlerMapping'
2025-09-27T04:58:42.107+01:00 DEBUG 56375 --- [todo-api-test] [           main] o.s.w.s.handler.SimpleUrlHandlerMapping  : Patterns [/webjars/**, /**] in 'resourceHandlerMapping'
2025-09-27T04:58:42.130+01:00 DEBUG 56375 --- [todo-api-test] [           main] s.w.s.m.m.a.RequestMappingHandlerAdapter : ControllerAdvice beans: 0 @ModelAttribute, 0 @InitBinder, 1 RequestBodyAdvice, 1 ResponseBodyAdvice
2025-09-27T04:58:42.159+01:00 DEBUG 56375 --- [todo-api-test] [           main] .m.m.a.ExceptionHandlerExceptionResolver : ControllerAdvice beans: 0 @ExceptionHandler, 1 ResponseBodyAdvice
2025-09-27T04:58:42.189+01:00  INFO 56375 --- [todo-api-test] [           main] o.s.b.a.h2.H2ConsoleAutoConfiguration    : H2 console available at '/h2-console'. Database available at 'jdbc:h2:mem:testdb'
2025-09-27T04:58:42.216+01:00  INFO 56375 --- [todo-api-test] [           main] com.olixc.todo.TodoApiIntegrationTest    : Started TodoApiIntegrationTest in 1.03 seconds (process running for 5.942)
2025-09-27T04:58:42.234+01:00  INFO 56375 --- [todo-api-test] [           main] o.s.b.t.m.w.SpringBootMockServletContext : Initializing Spring TestDispatcherServlet ''
2025-09-27T04:58:42.235+01:00  INFO 56375 --- [todo-api-test] [           main] o.s.t.web.servlet.TestDispatcherServlet  : Initializing Servlet ''
2025-09-27T04:58:42.236+01:00  INFO 56375 --- [todo-api-test] [           main] o.s.t.web.servlet.TestDispatcherServlet  : Completed initialization in 1 ms
2025-09-27T04:58:42.239+01:00 DEBUG 56375 --- [todo-api-test] [           main] org.hibernate.SQL                        : 
    select
        t1_0.id,
        t1_0.completed,
        t1_0.created_at,
        t1_0.description,
        t1_0.title,
        t1_0.updated_at 
    from
        todos t1_0
Hibernate: 
    select
        t1_0.id,
        t1_0.completed,
        t1_0.created_at,
        t1_0.description,
        t1_0.title,
        t1_0.updated_at 
    from
        todos t1_0
2025-09-27T04:58:42.300+01:00 DEBUG 56375 --- [todo-api-test] [           main] s.w.s.m.m.a.RequestMappingHandlerMapping : Mapped to com.olixc.todo.controller.TodoController#createTodo(Todo)
2025-09-27T04:58:42.339+01:00 DEBUG 56375 --- [todo-api-test] [           main] m.m.a.RequestResponseBodyMethodProcessor : Read "application/json" to [com.olixc.todo.entity.Todo@798ceea2]
2025-09-27T04:58:42.350+01:00 DEBUG 56375 --- [todo-api-test] [           main] org.hibernate.SQL                        : 
    insert 
    into
        todos
        (completed, created_at, description, title, updated_at, id) 
    values
        (?, ?, ?, ?, ?, default)
Hibernate: 
    insert 
    into
        todos
        (completed, created_at, description, title, updated_at, id) 
    values
        (?, ?, ?, ?, ?, default)
2025-09-27T04:58:42.359+01:00 DEBUG 56375 --- [todo-api-test] [           main] o.s.w.s.m.m.a.HttpEntityMethodProcessor  : Using 'application/json', given [*/*] and supported [application/json, application/*+json]
2025-09-27T04:58:42.360+01:00 DEBUG 56375 --- [todo-api-test] [           main] o.s.w.s.m.m.a.HttpEntityMethodProcessor  : Writing [com.olixc.todo.entity.Todo@798ceea2]
2025-09-27T04:58:42.397+01:00 DEBUG 56375 --- [todo-api-test] [           main] org.hibernate.SQL                        : 
    select
        count(*) 
    from
        todos t1_0 
    where
        t1_0.id=?
Hibernate: 
    select
        count(*) 
    from
        todos t1_0 
    where
        t1_0.id=?
2025-09-27T04:58:42.399+01:00 DEBUG 56375 --- [todo-api-test] [           main] s.w.s.m.m.a.RequestMappingHandlerMapping : Mapped to com.olixc.todo.controller.TodoController#getAllTodos()
2025-09-27T04:58:42.400+01:00 DEBUG 56375 --- [todo-api-test] [           main] org.hibernate.SQL                        : 
    select
        t1_0.id,
        t1_0.completed,
        t1_0.created_at,
        t1_0.description,
        t1_0.title,
        t1_0.updated_at 
    from
        todos t1_0
Hibernate: 
    select
        t1_0.id,
        t1_0.completed,
        t1_0.created_at,
        t1_0.description,
        t1_0.title,
        t1_0.updated_at 
    from
        todos t1_0
2025-09-27T04:58:42.403+01:00 DEBUG 56375 --- [todo-api-test] [           main] o.s.w.s.m.m.a.HttpEntityMethodProcessor  : Using 'application/json', given [*/*] and supported [application/json, application/*+json]
2025-09-27T04:58:42.403+01:00 DEBUG 56375 --- [todo-api-test] [           main] o.s.w.s.m.m.a.HttpEntityMethodProcessor  : Writing [[com.olixc.todo.entity.Todo@798ceea2]]
2025-09-27T04:58:42.415+01:00 DEBUG 56375 --- [todo-api-test] [           main] s.w.s.m.m.a.RequestMappingHandlerMapping : Mapped to com.olixc.todo.controller.TodoController#getTodoById(Long)
2025-09-27T04:58:42.418+01:00 DEBUG 56375 --- [todo-api-test] [           main] o.s.w.s.m.m.a.HttpEntityMethodProcessor  : Using 'application/json', given [*/*] and supported [application/json, application/*+json]
2025-09-27T04:58:42.418+01:00 DEBUG 56375 --- [todo-api-test] [           main] o.s.w.s.m.m.a.HttpEntityMethodProcessor  : Writing [com.olixc.todo.entity.Todo@798ceea2]
2025-09-27T04:58:42.422+01:00 DEBUG 56375 --- [todo-api-test] [           main] s.w.s.m.m.a.RequestMappingHandlerMapping : Mapped to com.olixc.todo.controller.TodoController#updateTodo(Long, Todo)
2025-09-27T04:58:42.424+01:00 DEBUG 56375 --- [todo-api-test] [           main] m.m.a.RequestResponseBodyMethodProcessor : Read "application/json" to [com.olixc.todo.entity.Todo@382e7f70]
2025-09-27T04:58:42.425+01:00 DEBUG 56375 --- [todo-api-test] [           main] o.s.w.s.m.m.a.HttpEntityMethodProcessor  : Using 'application/json', given [*/*] and supported [application/json, application/*+json]
2025-09-27T04:58:42.425+01:00 DEBUG 56375 --- [todo-api-test] [           main] o.s.w.s.m.m.a.HttpEntityMethodProcessor  : Writing [com.olixc.todo.entity.Todo@798ceea2]
2025-09-27T04:58:42.427+01:00 DEBUG 56375 --- [todo-api-test] [           main] s.w.s.m.m.a.RequestMappingHandlerMapping : Mapped to com.olixc.todo.controller.TodoController#getCompletedTodos()
2025-09-27T04:58:42.437+01:00 DEBUG 56375 --- [todo-api-test] [           main] org.hibernate.SQL                        : 
    update
        todos 
    set
        completed=?,
        created_at=?,
        description=?,
        title=?,
        updated_at=? 
    where
        id=?
Hibernate: 
    update
        todos 
    set
        completed=?,
        created_at=?,
        description=?,
        title=?,
        updated_at=? 
    where
        id=?
2025-09-27T04:58:42.443+01:00 DEBUG 56375 --- [todo-api-test] [           main] org.hibernate.SQL                        : 
    select
        t1_0.id,
        t1_0.completed,
        t1_0.created_at,
        t1_0.description,
        t1_0.title,
        t1_0.updated_at 
    from
        todos t1_0 
    where
        t1_0.completed
Hibernate: 
    select
        t1_0.id,
        t1_0.completed,
        t1_0.created_at,
        t1_0.description,
        t1_0.title,
        t1_0.updated_at 
    from
        todos t1_0 
    where
        t1_0.completed
2025-09-27T04:58:42.444+01:00 DEBUG 56375 --- [todo-api-test] [           main] o.s.w.s.m.m.a.HttpEntityMethodProcessor  : Using 'application/json', given [*/*] and supported [application/json, application/*+json]
2025-09-27T04:58:42.444+01:00 DEBUG 56375 --- [todo-api-test] [           main] o.s.w.s.m.m.a.HttpEntityMethodProcessor  : Writing [[com.olixc.todo.entity.Todo@798ceea2]]
2025-09-27T04:58:42.446+01:00 DEBUG 56375 --- [todo-api-test] [           main] s.w.s.m.m.a.RequestMappingHandlerMapping : Mapped to com.olixc.todo.controller.TodoController#getPendingTodos()
2025-09-27T04:58:42.448+01:00 DEBUG 56375 --- [todo-api-test] [           main] org.hibernate.SQL                        : 
    select
        t1_0.id,
        t1_0.completed,
        t1_0.created_at,
        t1_0.description,
        t1_0.title,
        t1_0.updated_at 
    from
        todos t1_0 
    where
        not(t1_0.completed)
Hibernate: 
    select
        t1_0.id,
        t1_0.completed,
        t1_0.created_at,
        t1_0.description,
        t1_0.title,
        t1_0.updated_at 
    from
        todos t1_0 
    where
        not(t1_0.completed)
2025-09-27T04:58:42.449+01:00 DEBUG 56375 --- [todo-api-test] [           main] o.s.w.s.m.m.a.HttpEntityMethodProcessor  : Using 'application/json', given [*/*] and supported [application/json, application/*+json]
2025-09-27T04:58:42.449+01:00 DEBUG 56375 --- [todo-api-test] [           main] o.s.w.s.m.m.a.HttpEntityMethodProcessor  : Writing [[]]
2025-09-27T04:58:42.450+01:00 DEBUG 56375 --- [todo-api-test] [           main] s.w.s.m.m.a.RequestMappingHandlerMapping : Mapped to com.olixc.todo.controller.TodoController#searchTodosByTitle(String)
2025-09-27T04:58:42.461+01:00 DEBUG 56375 --- [todo-api-test] [           main] org.hibernate.SQL                        : 
    select
        t1_0.id,
        t1_0.completed,
        t1_0.created_at,
        t1_0.description,
        t1_0.title,
        t1_0.updated_at 
    from
        todos t1_0 
    where
        upper(t1_0.title) like upper(?) escape '\'
Hibernate: 
    select
        t1_0.id,
        t1_0.completed,
        t1_0.created_at,
        t1_0.description,
        t1_0.title,
        t1_0.updated_at 
    from
        todos t1_0 
    where
        upper(t1_0.title) like upper(?) escape '\'
2025-09-27T04:58:42.463+01:00 DEBUG 56375 --- [todo-api-test] [           main] o.s.w.s.m.m.a.HttpEntityMethodProcessor  : Using 'application/json', given [*/*] and supported [application/json, application/*+json]
2025-09-27T04:58:42.463+01:00 DEBUG 56375 --- [todo-api-test] [           main] o.s.w.s.m.m.a.HttpEntityMethodProcessor  : Writing [[com.olixc.todo.entity.Todo@798ceea2]]
2025-09-27T04:58:42.464+01:00 DEBUG 56375 --- [todo-api-test] [           main] s.w.s.m.m.a.RequestMappingHandlerMapping : Mapped to com.olixc.todo.controller.TodoController#deleteTodo(Long)
2025-09-27T04:58:42.465+01:00 DEBUG 56375 --- [todo-api-test] [           main] org.hibernate.SQL                        : 
    select
        count(*) 
    from
        todos t1_0 
    where
        t1_0.id=?
Hibernate: 
    select
        count(*) 
    from
        todos t1_0 
    where
        t1_0.id=?
2025-09-27T04:58:42.469+01:00 DEBUG 56375 --- [todo-api-test] [           main] o.s.w.s.m.m.a.HttpEntityMethodProcessor  : Using 'application/json', given [*/*] and supported [application/json, application/*+json]
2025-09-27T04:58:42.469+01:00 DEBUG 56375 --- [todo-api-test] [           main] o.s.w.s.m.m.a.HttpEntityMethodProcessor  : Nothing to write: null body
2025-09-27T04:58:42.472+01:00 DEBUG 56375 --- [todo-api-test] [           main] org.hibernate.SQL                        : 
    delete 
    from
        todos 
    where
        id=?
Hibernate: 
    delete 
    from
        todos 
    where
        id=?
2025-09-27T04:58:42.476+01:00 DEBUG 56375 --- [todo-api-test] [           main] org.hibernate.SQL                        : 
    select
        count(*) 
    from
        todos t1_0 
    where
        t1_0.id=?
Hibernate: 
    select
        count(*) 
    from
        todos t1_0 
    where
        t1_0.id=?
2025-09-27T04:58:42.477+01:00 DEBUG 56375 --- [todo-api-test] [           main] s.w.s.m.m.a.RequestMappingHandlerMapping : Mapped to com.olixc.todo.controller.TodoController#getTodoById(Long)
2025-09-27T04:58:42.478+01:00 DEBUG 56375 --- [todo-api-test] [           main] org.hibernate.SQL                        : 
    select
        t1_0.id,
        t1_0.completed,
        t1_0.created_at,
        t1_0.description,
        t1_0.title,
        t1_0.updated_at 
    from
        todos t1_0 
    where
        t1_0.id=?
Hibernate: 
    select
        t1_0.id,
        t1_0.completed,
        t1_0.created_at,
        t1_0.description,
        t1_0.title,
        t1_0.updated_at 
    from
        todos t1_0 
    where
        t1_0.id=?
2025-09-27T04:58:42.479+01:00 DEBUG 56375 --- [todo-api-test] [           main] o.s.w.s.m.m.a.HttpEntityMethodProcessor  : Using 'application/json', given [*/*] and supported [application/json, application/*+json]
2025-09-27T04:58:42.480+01:00 DEBUG 56375 --- [todo-api-test] [           main] o.s.w.s.m.m.a.HttpEntityMethodProcessor  : Nothing to write: null body
2025-09-27T04:58:42.480+01:00 DEBUG 56375 --- [todo-api-test] [           main] s.w.s.m.m.a.RequestMappingHandlerMapping : Mapped to com.olixc.todo.controller.TodoController#getAllTodos()
2025-09-27T04:58:42.482+01:00 DEBUG 56375 --- [todo-api-test] [           main] org.hibernate.SQL                        : 
    select
        t1_0.id,
        t1_0.completed,
        t1_0.created_at,
        t1_0.description,
        t1_0.title,
        t1_0.updated_at 
    from
        todos t1_0
Hibernate: 
    select
        t1_0.id,
        t1_0.completed,
        t1_0.created_at,
        t1_0.description,
        t1_0.title,
        t1_0.updated_at 
    from
        todos t1_0
2025-09-27T04:58:42.483+01:00 DEBUG 56375 --- [todo-api-test] [           main] o.s.w.s.m.m.a.HttpEntityMethodProcessor  : Using 'application/json', given [*/*] and supported [application/json, application/*+json]
2025-09-27T04:58:42.483+01:00 DEBUG 56375 --- [todo-api-test] [           main] o.s.w.s.m.m.a.HttpEntityMethodProcessor  : Writing [[]]
]]></system-out>
  </testcase>
  <testcase name="handleInvalidRequests_ShouldReturnAppropriateErrors" classname="com.olixc.todo.TodoApiIntegrationTest" time="0.026">
    <system-out><![CDATA[2025-09-27T04:58:42.491+01:00  INFO 56375 --- [todo-api-test] [           main] o.s.b.t.m.w.SpringBootMockServletContext : Initializing Spring TestDispatcherServlet ''
2025-09-27T04:58:42.491+01:00  INFO 56375 --- [todo-api-test] [           main] o.s.t.web.servlet.TestDispatcherServlet  : Initializing Servlet ''
2025-09-27T04:58:42.492+01:00  INFO 56375 --- [todo-api-test] [           main] o.s.t.web.servlet.TestDispatcherServlet  : Completed initialization in 1 ms
2025-09-27T04:58:42.496+01:00 DEBUG 56375 --- [todo-api-test] [           main] org.hibernate.SQL                        : 
    select
        t1_0.id,
        t1_0.completed,
        t1_0.created_at,
        t1_0.description,
        t1_0.title,
        t1_0.updated_at 
    from
        todos t1_0
Hibernate: 
    select
        t1_0.id,
        t1_0.completed,
        t1_0.created_at,
        t1_0.description,
        t1_0.title,
        t1_0.updated_at 
    from
        todos t1_0
2025-09-27T04:58:42.498+01:00 DEBUG 56375 --- [todo-api-test] [           main] s.w.s.m.m.a.RequestMappingHandlerMapping : Mapped to com.olixc.todo.controller.TodoController#getTodoById(Long)
2025-09-27T04:58:42.498+01:00 DEBUG 56375 --- [todo-api-test] [           main] org.hibernate.SQL                        : 
    select
        t1_0.id,
        t1_0.completed,
        t1_0.created_at,
        t1_0.description,
        t1_0.title,
        t1_0.updated_at 
    from
        todos t1_0 
    where
        t1_0.id=?
Hibernate: 
    select
        t1_0.id,
        t1_0.completed,
        t1_0.created_at,
        t1_0.description,
        t1_0.title,
        t1_0.updated_at 
    from
        todos t1_0 
    where
        t1_0.id=?
2025-09-27T04:58:42.499+01:00 DEBUG 56375 --- [todo-api-test] [           main] o.s.w.s.m.m.a.HttpEntityMethodProcessor  : Using 'application/json', given [*/*] and supported [application/json, application/*+json]
2025-09-27T04:58:42.499+01:00 DEBUG 56375 --- [todo-api-test] [           main] o.s.w.s.m.m.a.HttpEntityMethodProcessor  : Nothing to write: null body
2025-09-27T04:58:42.500+01:00 DEBUG 56375 --- [todo-api-test] [           main] s.w.s.m.m.a.RequestMappingHandlerMapping : Mapped to com.olixc.todo.controller.TodoController#updateTodo(Long, Todo)
2025-09-27T04:58:42.500+01:00 DEBUG 56375 --- [todo-api-test] [           main] m.m.a.RequestResponseBodyMethodProcessor : Read "application/json" to [com.olixc.todo.entity.Todo@6c758c74]
2025-09-27T04:58:42.501+01:00 DEBUG 56375 --- [todo-api-test] [           main] org.hibernate.SQL                        : 
    select
        t1_0.id,
        t1_0.completed,
        t1_0.created_at,
        t1_0.description,
        t1_0.title,
        t1_0.updated_at 
    from
        todos t1_0 
    where
        t1_0.id=?
Hibernate: 
    select
        t1_0.id,
        t1_0.completed,
        t1_0.created_at,
        t1_0.description,
        t1_0.title,
        t1_0.updated_at 
    from
        todos t1_0 
    where
        t1_0.id=?
2025-09-27T04:58:42.502+01:00 DEBUG 56375 --- [todo-api-test] [           main] o.s.w.s.m.m.a.HttpEntityMethodProcessor  : Using 'application/json', given [*/*] and supported [application/json, application/*+json]
2025-09-27T04:58:42.502+01:00 DEBUG 56375 --- [todo-api-test] [           main] o.s.w.s.m.m.a.HttpEntityMethodProcessor  : Nothing to write: null body
2025-09-27T04:58:42.503+01:00 DEBUG 56375 --- [todo-api-test] [           main] s.w.s.m.m.a.RequestMappingHandlerMapping : Mapped to com.olixc.todo.controller.TodoController#deleteTodo(Long)
2025-09-27T04:58:42.504+01:00 DEBUG 56375 --- [todo-api-test] [           main] org.hibernate.SQL                        : 
    select
        count(*) 
    from
        todos t1_0 
    where
        t1_0.id=?
Hibernate: 
    select
        count(*) 
    from
        todos t1_0 
    where
        t1_0.id=?
2025-09-27T04:58:42.506+01:00 DEBUG 56375 --- [todo-api-test] [           main] o.s.w.s.m.m.a.HttpEntityMethodProcessor  : Using 'application/json', given [*/*] and supported [application/json, application/*+json]
2025-09-27T04:58:42.506+01:00 DEBUG 56375 --- [todo-api-test] [           main] o.s.w.s.m.m.a.HttpEntityMethodProcessor  : Nothing to write: null body
2025-09-27T04:58:42.506+01:00 DEBUG 56375 --- [todo-api-test] [           main] s.w.s.m.m.a.RequestMappingHandlerMapping : Mapped to com.olixc.todo.controller.TodoController#createTodo(Todo)
2025-09-27T04:58:42.509+01:00 DEBUG 56375 --- [todo-api-test] [           main] o.s.web.method.HandlerMethod             : Could not resolve parameter [0] in public org.springframework.http.ResponseEntity<com.olixc.todo.entity.Todo> com.olixc.todo.controller.TodoController.createTodo(com.olixc.todo.entity.Todo): JSON parse error: Unrecognized token 'invalid': was expecting (JSON String, Number, Array, Object or token 'null', 'true' or 'false')
2025-09-27T04:58:42.511+01:00  WARN 56375 --- [todo-api-test] [           main] .w.s.m.s.DefaultHandlerExceptionResolver : Resolved [org.springframework.http.converter.HttpMessageNotReadableException: JSON parse error: Unrecognized token 'invalid': was expecting (JSON String, Number, Array, Object or token 'null', 'true' or 'false')]
]]></system-out>
  </testcase>
  <testcase name="createMultipleTodos_AndTestFiltering" classname="com.olixc.todo.TodoApiIntegrationTest" time="0.049">
    <system-out><![CDATA[2025-09-27T04:58:42.517+01:00  INFO 56375 --- [todo-api-test] [           main] o.s.b.t.m.w.SpringBootMockServletContext : Initializing Spring TestDispatcherServlet ''
2025-09-27T04:58:42.517+01:00  INFO 56375 --- [todo-api-test] [           main] o.s.t.web.servlet.TestDispatcherServlet  : Initializing Servlet ''
2025-09-27T04:58:42.524+01:00  INFO 56375 --- [todo-api-test] [           main] o.s.t.web.servlet.TestDispatcherServlet  : Completed initialization in 7 ms
2025-09-27T04:58:42.526+01:00 DEBUG 56375 --- [todo-api-test] [           main] org.hibernate.SQL                        : 
    select
        t1_0.id,
        t1_0.completed,
        t1_0.created_at,
        t1_0.description,
        t1_0.title,
        t1_0.updated_at 
    from
        todos t1_0
Hibernate: 
    select
        t1_0.id,
        t1_0.completed,
        t1_0.created_at,
        t1_0.description,
        t1_0.title,
        t1_0.updated_at 
    from
        todos t1_0
2025-09-27T04:58:42.528+01:00 DEBUG 56375 --- [todo-api-test] [           main] s.w.s.m.m.a.RequestMappingHandlerMapping : Mapped to com.olixc.todo.controller.TodoController#createTodo(Todo)
2025-09-27T04:58:42.528+01:00 DEBUG 56375 --- [todo-api-test] [           main] m.m.a.RequestResponseBodyMethodProcessor : Read "application/json" to [com.olixc.todo.entity.Todo@2182ebc7]
2025-09-27T04:58:42.529+01:00 DEBUG 56375 --- [todo-api-test] [           main] org.hibernate.SQL                        : 
    insert 
    into
        todos
        (completed, created_at, description, title, updated_at, id) 
    values
        (?, ?, ?, ?, ?, default)
Hibernate: 
    insert 
    into
        todos
        (completed, created_at, description, title, updated_at, id) 
    values
        (?, ?, ?, ?, ?, default)
2025-09-27T04:58:42.530+01:00 DEBUG 56375 --- [todo-api-test] [           main] o.s.w.s.m.m.a.HttpEntityMethodProcessor  : Using 'application/json', given [*/*] and supported [application/json, application/*+json]
2025-09-27T04:58:42.531+01:00 DEBUG 56375 --- [todo-api-test] [           main] o.s.w.s.m.m.a.HttpEntityMethodProcessor  : Writing [com.olixc.todo.entity.Todo@2182ebc7]
2025-09-27T04:58:42.532+01:00 DEBUG 56375 --- [todo-api-test] [           main] s.w.s.m.m.a.RequestMappingHandlerMapping : Mapped to com.olixc.todo.controller.TodoController#createTodo(Todo)
2025-09-27T04:58:42.532+01:00 DEBUG 56375 --- [todo-api-test] [           main] m.m.a.RequestResponseBodyMethodProcessor : Read "application/json" to [com.olixc.todo.entity.Todo@21e72fb2]
2025-09-27T04:58:42.533+01:00 DEBUG 56375 --- [todo-api-test] [           main] org.hibernate.SQL                        : 
    insert 
    into
        todos
        (completed, created_at, description, title, updated_at, id) 
    values
        (?, ?, ?, ?, ?, default)
Hibernate: 
    insert 
    into
        todos
        (completed, created_at, description, title, updated_at, id) 
    values
        (?, ?, ?, ?, ?, default)
2025-09-27T04:58:42.534+01:00 DEBUG 56375 --- [todo-api-test] [           main] o.s.w.s.m.m.a.HttpEntityMethodProcessor  : Using 'application/json', given [*/*] and supported [application/json, application/*+json]
2025-09-27T04:58:42.534+01:00 DEBUG 56375 --- [todo-api-test] [           main] o.s.w.s.m.m.a.HttpEntityMethodProcessor  : Writing [com.olixc.todo.entity.Todo@21e72fb2]
2025-09-27T04:58:42.535+01:00 DEBUG 56375 --- [todo-api-test] [           main] s.w.s.m.m.a.RequestMappingHandlerMapping : Mapped to com.olixc.todo.controller.TodoController#createTodo(Todo)
2025-09-27T04:58:42.536+01:00 DEBUG 56375 --- [todo-api-test] [           main] m.m.a.RequestResponseBodyMethodProcessor : Read "application/json" to [com.olixc.todo.entity.Todo@930b6f9]
2025-09-27T04:58:42.537+01:00 DEBUG 56375 --- [todo-api-test] [           main] org.hibernate.SQL                        : 
    insert 
    into
        todos
        (completed, created_at, description, title, updated_at, id) 
    values
        (?, ?, ?, ?, ?, default)
Hibernate: 
    insert 
    into
        todos
        (completed, created_at, description, title, updated_at, id) 
    values
        (?, ?, ?, ?, ?, default)
2025-09-27T04:58:42.540+01:00 DEBUG 56375 --- [todo-api-test] [           main] o.s.w.s.m.m.a.HttpEntityMethodProcessor  : Using 'application/json', given [*/*] and supported [application/json, application/*+json]
2025-09-27T04:58:42.540+01:00 DEBUG 56375 --- [todo-api-test] [           main] o.s.w.s.m.m.a.HttpEntityMethodProcessor  : Writing [com.olixc.todo.entity.Todo@930b6f9]
2025-09-27T04:58:42.542+01:00 DEBUG 56375 --- [todo-api-test] [           main] org.hibernate.SQL                        : 
    select
        t1_0.id,
        t1_0.completed,
        t1_0.created_at,
        t1_0.description,
        t1_0.title,
        t1_0.updated_at 
    from
        todos t1_0
Hibernate: 
    select
        t1_0.id,
        t1_0.completed,
        t1_0.created_at,
        t1_0.description,
        t1_0.title,
        t1_0.updated_at 
    from
        todos t1_0
2025-09-27T04:58:42.544+01:00 DEBUG 56375 --- [todo-api-test] [           main] s.w.s.m.m.a.RequestMappingHandlerMapping : Mapped to com.olixc.todo.controller.TodoController#getCompletedTodos()
2025-09-27T04:58:42.546+01:00 DEBUG 56375 --- [todo-api-test] [           main] org.hibernate.SQL                        : 
    select
        t1_0.id,
        t1_0.completed,
        t1_0.created_at,
        t1_0.description,
        t1_0.title,
        t1_0.updated_at 
    from
        todos t1_0 
    where
        t1_0.completed
Hibernate: 
    select
        t1_0.id,
        t1_0.completed,
        t1_0.created_at,
        t1_0.description,
        t1_0.title,
        t1_0.updated_at 
    from
        todos t1_0 
    where
        t1_0.completed
2025-09-27T04:58:42.547+01:00 DEBUG 56375 --- [todo-api-test] [           main] o.s.w.s.m.m.a.HttpEntityMethodProcessor  : Using 'application/json', given [*/*] and supported [application/json, application/*+json]
2025-09-27T04:58:42.547+01:00 DEBUG 56375 --- [todo-api-test] [           main] o.s.w.s.m.m.a.HttpEntityMethodProcessor  : Writing [[com.olixc.todo.entity.Todo@21e72fb2]]
2025-09-27T04:58:42.549+01:00 DEBUG 56375 --- [todo-api-test] [           main] s.w.s.m.m.a.RequestMappingHandlerMapping : Mapped to com.olixc.todo.controller.TodoController#getPendingTodos()
2025-09-27T04:58:42.551+01:00 DEBUG 56375 --- [todo-api-test] [           main] org.hibernate.SQL                        : 
    select
        t1_0.id,
        t1_0.completed,
        t1_0.created_at,
        t1_0.description,
        t1_0.title,
        t1_0.updated_at 
    from
        todos t1_0 
    where
        not(t1_0.completed)
Hibernate: 
    select
        t1_0.id,
        t1_0.completed,
        t1_0.created_at,
        t1_0.description,
        t1_0.title,
        t1_0.updated_at 
    from
        todos t1_0 
    where
        not(t1_0.completed)
2025-09-27T04:58:42.552+01:00 DEBUG 56375 --- [todo-api-test] [           main] o.s.w.s.m.m.a.HttpEntityMethodProcessor  : Using 'application/json', given [*/*] and supported [application/json, application/*+json]
2025-09-27T04:58:42.552+01:00 DEBUG 56375 --- [todo-api-test] [           main] o.s.w.s.m.m.a.HttpEntityMethodProcessor  : Writing [[com.olixc.todo.entity.Todo@2182ebc7, com.olixc.todo.entity.Todo@930b6f9]]
2025-09-27T04:58:42.554+01:00 DEBUG 56375 --- [todo-api-test] [           main] s.w.s.m.m.a.RequestMappingHandlerMapping : Mapped to com.olixc.todo.controller.TodoController#searchTodosByTitle(String)
2025-09-27T04:58:42.557+01:00 DEBUG 56375 --- [todo-api-test] [           main] org.hibernate.SQL                        : 
    select
        t1_0.id,
        t1_0.completed,
        t1_0.created_at,
        t1_0.description,
        t1_0.title,
        t1_0.updated_at 
    from
        todos t1_0 
    where
        upper(t1_0.title) like upper(?) escape '\'
Hibernate: 
    select
        t1_0.id,
        t1_0.completed,
        t1_0.created_at,
        t1_0.description,
        t1_0.title,
        t1_0.updated_at 
    from
        todos t1_0 
    where
        upper(t1_0.title) like upper(?) escape '\'
2025-09-27T04:58:42.559+01:00 DEBUG 56375 --- [todo-api-test] [           main] o.s.w.s.m.m.a.HttpEntityMethodProcessor  : Using 'application/json', given [*/*] and supported [application/json, application/*+json]
2025-09-27T04:58:42.559+01:00 DEBUG 56375 --- [todo-api-test] [           main] o.s.w.s.m.m.a.HttpEntityMethodProcessor  : Writing [[com.olixc.todo.entity.Todo@2182ebc7, com.olixc.todo.entity.Todo@930b6f9]]
]]></system-out>
  </testcase>
</testsuite>