<?xml version="1.0" encoding="UTF-8"?>
<testsuite xmlns:xsi="http://www.w3.org/2001/XMLSchema-instance" xsi:noNamespaceSchemaLocation="https://maven.apache.org/surefire/maven-surefire-plugin/xsd/surefire-test-report-3.0.xsd" version="3.0" name="com.olixc.todo.repository.TodoRepositoryTest" time="4.121" tests="15" errors="0" skipped="0" failures="0">
  <properties>
[...]
</properties>
  <testcase name="save_ShouldPersistNewTodo" classname="com.olixc.todo.repository.TodoRepositoryTest" time="0.678">
    <system-out><![CDATA[04:58:36.758 [main] INFO org.springframework.test.context.support.AnnotationConfigContextLoaderUtils -- Could not detect default configuration classes for test class [com.olixc.todo.repository.TodoRepositoryTest]: TodoRepositoryTest does not declare any static, non-private, non-final, nested classes annotated with @Configuration.
04:58:36.842 [main] INFO org.springframework.boot.test.context.SpringBootTestContextBootstrapper -- Found @SpringBootConfiguration com.olixc.todo.TodoApiApplication for test class com.olixc.todo.repository.TodoRepositoryTest

  .   ____          _            __ _ _
 /\\ / ___'_ __ _ _(_)_ __  __ _ \ \ \ \
( ( )\___ | '_ | '_| | '_ \/ _` | \ \ \ \
 \\/  ___)| |_)| | | | | || (_| |  ) ) ) )
  '  |____| .__|_| |_|_| |_\__, | / / / /
 =========|_|==============|___/=/_/_/_/
 :: Spring Boot ::                (v3.2.0)

2025-09-27T04:58:37.088+01:00  INFO 56375 --- [todo-api-test] [           main] c.o.todo.repository.TodoRepositoryTest   : Starting TodoRepositoryTest using Java 25 with PID 56375 (started by user in /Users/user/.iamolix/k8s/kubernetes-the-hard-way1/todo-api)
2025-09-27T04:58:37.089+01:00 DEBUG 56375 --- [todo-api-test] [           main] c.o.todo.repository.TodoRepositoryTest   : Running with Spring Boot v3.2.0, Spring v6.1.1
2025-09-27T04:58:37.089+01:00  INFO 56375 --- [todo-api-test] [           main] c.o.todo.repository.TodoRepositoryTest   : The following 1 profile is active: "test"
2025-09-27T04:58:37.315+01:00  INFO 56375 --- [todo-api-test] [           main] .s.d.r.c.RepositoryConfigurationDelegate : Bootstrapping Spring Data JPA repositories in DEFAULT mode.
2025-09-27T04:58:37.355+01:00  INFO 56375 --- [todo-api-test] [           main] .s.d.r.c.RepositoryConfigurationDelegate : Finished Spring Data repository scanning in 33 ms. Found 1 JPA repository interface.
2025-09-27T04:58:37.402+01:00  INFO 56375 --- [todo-api-test] [           main] beddedDataSourceBeanFactoryPostProcessor : Replacing 'dataSource' DataSource bean with embedded version
2025-09-27T04:58:37.519+01:00  INFO 56375 --- [todo-api-test] [           main] o.s.j.d.e.EmbeddedDatabaseFactory        : Starting embedded database: url='jdbc:h2:mem:fec87ed4-3cc6-402d-bf21-e1a7d610608b;DB_CLOSE_DELAY=-1;DB_CLOSE_ON_EXIT=false', username='sa'
2025-09-27T04:58:37.736+01:00  INFO 56375 --- [todo-api-test] [           main] o.hibernate.jpa.internal.util.LogHelper  : HHH000204: Processing PersistenceUnitInfo [name: default]
2025-09-27T04:58:37.776+01:00  INFO 56375 --- [todo-api-test] [           main] org.hibernate.Version                    : HHH000412: Hibernate ORM core version 6.3.1.Final
2025-09-27T04:58:37.799+01:00  INFO 56375 --- [todo-api-test] [           main] o.h.c.internal.RegionFactoryInitiator    : HHH000026: Second-level cache disabled
2025-09-27T04:58:38.074+01:00  INFO 56375 --- [todo-api-test] [           main] o.s.o.j.p.SpringPersistenceUnitInfo      : No LoadTimeWeaver setup: ignoring JPA class transformer
2025-09-27T04:58:38.153+01:00  WARN 56375 --- [todo-api-test] [           main] org.hibernate.orm.deprecation            : HHH90000025: H2Dialect does not need to be specified explicitly using 'hibernate.dialect' (remove the property setting and it will be selected by default)
2025-09-27T04:58:38.892+01:00  INFO 56375 --- [todo-api-test] [           main] o.h.e.t.j.p.i.JtaPlatformInitiator       : HHH000489: No JTA platform available (set 'hibernate.transaction.jta.platform' to enable JTA platform integration)
2025-09-27T04:58:38.902+01:00 DEBUG 56375 --- [todo-api-test] [           main] org.hibernate.SQL                        : 
    drop table if exists todos cascade 
Hibernate: 
    drop table if exists todos cascade 
2025-09-27T04:58:38.908+01:00 DEBUG 56375 --- [todo-api-test] [           main] org.hibernate.SQL                        : 
    create table todos (
        completed boolean not null,
        created_at timestamp(6),
        id bigint generated by default as identity,
        updated_at timestamp(6),
        description varchar(255),
        title varchar(255) not null,
        primary key (id)
    )
Hibernate: 
    create table todos (
        completed boolean not null,
        created_at timestamp(6),
        id bigint generated by default as identity,
        updated_at timestamp(6),
        description varchar(255),
        title varchar(255) not null,
        primary key (id)
    )
2025-09-27T04:58:38.917+01:00  INFO 56375 --- [todo-api-test] [           main] j.LocalContainerEntityManagerFactoryBean : Initialized JPA EntityManagerFactory for persistence unit 'default'
2025-09-27T04:58:39.268+01:00  INFO 56375 --- [todo-api-test] [           main] c.o.todo.repository.TodoRepositoryTest   : Started TodoRepositoryTest in 2.388 seconds (process running for 2.994)
2025-09-27T04:58:39.881+01:00 DEBUG 56375 --- [todo-api-test] [           main] org.hibernate.SQL                        : 
    insert 
    into
        todos
        (completed, created_at, description, title, updated_at, id) 
    values
        (?, ?, ?, ?, ?, default)
Hibernate: 
    insert 
    into
        todos
        (completed, created_at, description, title, updated_at, id) 
    values
        (?, ?, ?, ?, ?, default)
2025-09-27T04:58:39.918+01:00 DEBUG 56375 --- [todo-api-test] [           main] org.hibernate.SQL                        : 
    insert 
    into
        todos
        (completed, created_at, description, title, updated_at, id) 
    values
        (?, ?, ?, ?, ?, default)
Hibernate: 
    insert 
    into
        todos
        (completed, created_at, description, title, updated_at, id) 
    values
        (?, ?, ?, ?, ?, default)
2025-09-27T04:58:39.920+01:00 DEBUG 56375 --- [todo-api-test] [           main] org.hibernate.SQL                        : 
    insert 
    into
        todos
        (completed, created_at, description, title, updated_at, id) 
    values
        (?, ?, ?, ?, ?, default)
Hibernate: 
    insert 
    into
        todos
        (completed, created_at, description, title, updated_at, id) 
    values
        (?, ?, ?, ?, ?, default)
2025-09-27T04:58:39.932+01:00 DEBUG 56375 --- [todo-api-test] [           main] org.hibernate.SQL                        : 
    insert 
    into
        todos
        (completed, created_at, description, title, updated_at, id) 
    values
        (?, ?, ?, ?, ?, default)
Hibernate: 
    insert 
    into
        todos
        (completed, created_at, description, title, updated_at, id) 
    values
        (?, ?, ?, ?, ?, default)
]]></system-out>
    <system-err><![CDATA[WARNING: A Java agent has been loaded dynamically (/Users/user/.m2/repository/net/bytebuddy/byte-buddy-agent/1.14.10/byte-buddy-agent-1.14.10.jar)
WARNING: If a serviceability tool is in use, please run with -XX:+EnableDynamicAgentLoading to hide this warning
WARNING: If a serviceability tool is not in use, please run with -Djdk.instrument.traceUsage for more information
WARNING: Dynamic loading of agents will be disallowed by default in a future release
]]></system-err>
  </testcase>
  <testcase name="findAll_ShouldReturnAllTodos" classname="com.olixc.todo.repository.TodoRepositoryTest" time="0.11">
    <system-out><![CDATA[2025-09-27T04:58:39.959+01:00 DEBUG 56375 --- [todo-api-test] [           main] org.hibernate.SQL                        : 
    insert 
    into
        todos
        (completed, created_at, description, title, updated_at, id) 
    values
        (?, ?, ?, ?, ?, default)
Hibernate: 
    insert 
    into
        todos
        (completed, created_at, description, title, updated_at, id) 
    values
        (?, ?, ?, ?, ?, default)
2025-09-27T04:58:39.964+01:00 DEBUG 56375 --- [todo-api-test] [           main] org.hibernate.SQL                        : 
    insert 
    into
        todos
        (completed, created_at, description, title, updated_at, id) 
    values
        (?, ?, ?, ?, ?, default)
Hibernate: 
    insert 
    into
        todos
        (completed, created_at, description, title, updated_at, id) 
    values
        (?, ?, ?, ?, ?, default)
2025-09-27T04:58:39.966+01:00 DEBUG 56375 --- [todo-api-test] [           main] org.hibernate.SQL                        : 
    insert 
    into
        todos
        (completed, created_at, description, title, updated_at, id) 
    values
        (?, ?, ?, ?, ?, default)
Hibernate: 
    insert 
    into
        todos
        (completed, created_at, description, title, updated_at, id) 
    values
        (?, ?, ?, ?, ?, default)
2025-09-27T04:58:40.060+01:00 DEBUG 56375 --- [todo-api-test] [           main] org.hibernate.SQL                        : 
    select
        t1_0.id,
        t1_0.completed,
        t1_0.created_at,
        t1_0.description,
        t1_0.title,
        t1_0.updated_at 
    from
        todos t1_0
Hibernate: 
    select
        t1_0.id,
        t1_0.completed,
        t1_0.created_at,
        t1_0.description,
        t1_0.title,
        t1_0.updated_at 
    from
        todos t1_0
]]></system-out>
  </testcase>
  <testcase name="findByCompleted_WhenCompletedFalse_ShouldReturnPendingTodos" classname="com.olixc.todo.repository.TodoRepositoryTest" time="0.054">
    <system-out><![CDATA[2025-09-27T04:58:40.071+01:00 DEBUG 56375 --- [todo-api-test] [           main] org.hibernate.SQL                        : 
    insert 
    into
        todos
        (completed, created_at, description, title, updated_at, id) 
    values
        (?, ?, ?, ?, ?, default)
Hibernate: 
    insert 
    into
        todos
        (completed, created_at, description, title, updated_at, id) 
    values
        (?, ?, ?, ?, ?, default)
2025-09-27T04:58:40.086+01:00 DEBUG 56375 --- [todo-api-test] [           main] org.hibernate.SQL                        : 
    insert 
    into
        todos
        (completed, created_at, description, title, updated_at, id) 
    values
        (?, ?, ?, ?, ?, default)
Hibernate: 
    insert 
    into
        todos
        (completed, created_at, description, title, updated_at, id) 
    values
        (?, ?, ?, ?, ?, default)
2025-09-27T04:58:40.088+01:00 DEBUG 56375 --- [todo-api-test] [           main] org.hibernate.SQL                        : 
    insert 
    into
        todos
        (completed, created_at, description, title, updated_at, id) 
    values
        (?, ?, ?, ?, ?, default)
Hibernate: 
    insert 
    into
        todos
        (completed, created_at, description, title, updated_at, id) 
    values
        (?, ?, ?, ?, ?, default)
2025-09-27T04:58:40.116+01:00 DEBUG 56375 --- [todo-api-test] [           main] org.hibernate.SQL                        : 
    select
        t1_0.id,
        t1_0.completed,
        t1_0.created_at,
        t1_0.description,
        t1_0.title,
        t1_0.updated_at 
    from
        todos t1_0 
    where
        t1_0.completed=?
Hibernate: 
    select
        t1_0.id,
        t1_0.completed,
        t1_0.created_at,
        t1_0.description,
        t1_0.title,
        t1_0.updated_at 
    from
        todos t1_0 
    where
        t1_0.completed=?
]]></system-out>
  </testcase>
  <testcase name="existsById_WhenTodoExists_ShouldReturnTrue" classname="com.olixc.todo.repository.TodoRepositoryTest" time="0.31">
    <system-out><![CDATA[2025-09-27T04:58:40.127+01:00 DEBUG 56375 --- [todo-api-test] [           main] org.hibernate.SQL                        : 
    insert 
    into
        todos
        (completed, created_at, description, title, updated_at, id) 
    values
        (?, ?, ?, ?, ?, default)
Hibernate: 
    insert 
    into
        todos
        (completed, created_at, description, title, updated_at, id) 
    values
        (?, ?, ?, ?, ?, default)
2025-09-27T04:58:40.129+01:00 DEBUG 56375 --- [todo-api-test] [           main] org.hibernate.SQL                        : 
    insert 
    into
        todos
        (completed, created_at, description, title, updated_at, id) 
    values
        (?, ?, ?, ?, ?, default)
Hibernate: 
    insert 
    into
        todos
        (completed, created_at, description, title, updated_at, id) 
    values
        (?, ?, ?, ?, ?, default)
2025-09-27T04:58:40.130+01:00 DEBUG 56375 --- [todo-api-test] [           main] org.hibernate.SQL                        : 
    insert 
    into
        todos
        (completed, created_at, description, title, updated_at, id) 
    values
        (?, ?, ?, ?, ?, default)
Hibernate: 
    insert 
    into
        todos
        (completed, created_at, description, title, updated_at, id) 
    values
        (?, ?, ?, ?, ?, default)
2025-09-27T04:58:40.425+01:00 DEBUG 56375 --- [todo-api-test] [           main] org.hibernate.SQL                        : 
    select
        count(*) 
    from
        todos t1_0 
    where
        t1_0.id=?
Hibernate: 
    select
        count(*) 
    from
        todos t1_0 
    where
        t1_0.id=?
]]></system-out>
  </testcase>
  <testcase name="findById_WhenTodoDoesNotExist_ShouldReturnEmpty" classname="com.olixc.todo.repository.TodoRepositoryTest" time="0.021">
    <system-out><![CDATA[2025-09-27T04:58:40.445+01:00 DEBUG 56375 --- [todo-api-test] [           main] org.hibernate.SQL                        : 
    insert 
    into
        todos
        (completed, created_at, description, title, updated_at, id) 
    values
        (?, ?, ?, ?, ?, default)
Hibernate: 
    insert 
    into
        todos
        (completed, created_at, description, title, updated_at, id) 
    values
        (?, ?, ?, ?, ?, default)
2025-09-27T04:58:40.448+01:00 DEBUG 56375 --- [todo-api-test] [           main] org.hibernate.SQL                        : 
    insert 
    into
        todos
        (completed, created_at, description, title, updated_at, id) 
    values
        (?, ?, ?, ?, ?, default)
Hibernate: 
    insert 
    into
        todos
        (completed, created_at, description, title, updated_at, id) 
    values
        (?, ?, ?, ?, ?, default)
2025-09-27T04:58:40.450+01:00 DEBUG 56375 --- [todo-api-test] [           main] org.hibernate.SQL                        : 
    insert 
    into
        todos
        (completed, created_at, description, title, updated_at, id) 
    values
        (?, ?, ?, ?, ?, default)
Hibernate: 
    insert 
    into
        todos
        (completed, created_at, description, title, updated_at, id) 
    values
        (?, ?, ?, ?, ?, default)
2025-09-27T04:58:40.457+01:00 DEBUG 56375 --- [todo-api-test] [           main] org.hibernate.SQL                        : 
    select
        t1_0.id,
        t1_0.completed,
        t1_0.created_at,
        t1_0.description,
        t1_0.title,
        t1_0.updated_at 
    from
        todos t1_0 
    where
        t1_0.id=?
Hibernate: 
    select
        t1_0.id,
        t1_0.completed,
        t1_0.created_at,
        t1_0.description,
        t1_0.title,
        t1_0.updated_at 
    from
        todos t1_0 
    where
        t1_0.id=?
]]></system-out>
  </testcase>
  <testcase name="deleteById_ShouldRemoveTodo" classname="com.olixc.todo.repository.TodoRepositoryTest" time="0.022">
    <system-out><![CDATA[2025-09-27T04:58:40.465+01:00 DEBUG 56375 --- [todo-api-test] [           main] org.hibernate.SQL                        : 
    insert 
    into
        todos
        (completed, created_at, description, title, updated_at, id) 
    values
        (?, ?, ?, ?, ?, default)
Hibernate: 
    insert 
    into
        todos
        (completed, created_at, description, title, updated_at, id) 
    values
        (?, ?, ?, ?, ?, default)
2025-09-27T04:58:40.472+01:00 DEBUG 56375 --- [todo-api-test] [           main] org.hibernate.SQL                        : 
    insert 
    into
        todos
        (completed, created_at, description, title, updated_at, id) 
    values
        (?, ?, ?, ?, ?, default)
Hibernate: 
    insert 
    into
        todos
        (completed, created_at, description, title, updated_at, id) 
    values
        (?, ?, ?, ?, ?, default)
2025-09-27T04:58:40.473+01:00 DEBUG 56375 --- [todo-api-test] [           main] org.hibernate.SQL                        : 
    insert 
    into
        todos
        (completed, created_at, description, title, updated_at, id) 
    values
        (?, ?, ?, ?, ?, default)
Hibernate: 
    insert 
    into
        todos
        (completed, created_at, description, title, updated_at, id) 
    values
        (?, ?, ?, ?, ?, default)
]]></system-out>
  </testcase>
  <testcase name="findByTitleContainingIgnoreCase_ShouldReturnMatchingTodos" classname="com.olixc.todo.repository.TodoRepositoryTest" time="0.079">
    <system-out><![CDATA[2025-09-27T04:58:40.510+01:00 DEBUG 56375 --- [todo-api-test] [           main] org.hibernate.SQL                        : 
    insert 
    into
        todos
        (completed, created_at, description, title, updated_at, id) 
    values
        (?, ?, ?, ?, ?, default)
Hibernate: 
    insert 
    into
        todos
        (completed, created_at, description, title, updated_at, id) 
    values
        (?, ?, ?, ?, ?, default)
2025-09-27T04:58:40.517+01:00 DEBUG 56375 --- [todo-api-test] [           main] org.hibernate.SQL                        : 
    insert 
    into
        todos
        (completed, created_at, description, title, updated_at, id) 
    values
        (?, ?, ?, ?, ?, default)
Hibernate: 
    insert 
    into
        todos
        (completed, created_at, description, title, updated_at, id) 
    values
        (?, ?, ?, ?, ?, default)
2025-09-27T04:58:40.523+01:00 DEBUG 56375 --- [todo-api-test] [           main] org.hibernate.SQL                        : 
    insert 
    into
        todos
        (completed, created_at, description, title, updated_at, id) 
    values
        (?, ?, ?, ?, ?, default)
Hibernate: 
    insert 
    into
        todos
        (completed, created_at, description, title, updated_at, id) 
    values
        (?, ?, ?, ?, ?, default)
2025-09-27T04:58:40.535+01:00 DEBUG 56375 --- [todo-api-test] [           main] org.hibernate.SQL                        : 
    select
        t1_0.id,
        t1_0.completed,
        t1_0.created_at,
        t1_0.description,
        t1_0.title,
        t1_0.updated_at 
    from
        todos t1_0 
    where
        upper(t1_0.title) like upper(?) escape '\'
Hibernate: 
    select
        t1_0.id,
        t1_0.completed,
        t1_0.created_at,
        t1_0.description,
        t1_0.title,
        t1_0.updated_at 
    from
        todos t1_0 
    where
        upper(t1_0.title) like upper(?) escape '\'
]]></system-out>
  </testcase>
  <testcase name="findByCompletedFalse_ShouldReturnPendingTodos" classname="com.olixc.todo.repository.TodoRepositoryTest" time="0.054">
    <system-out><![CDATA[2025-09-27T04:58:40.592+01:00 DEBUG 56375 --- [todo-api-test] [           main] org.hibernate.SQL                        : 
    insert 
    into
        todos
        (completed, created_at, description, title, updated_at, id) 
    values
        (?, ?, ?, ?, ?, default)
Hibernate: 
    insert 
    into
        todos
        (completed, created_at, description, title, updated_at, id) 
    values
        (?, ?, ?, ?, ?, default)
2025-09-27T04:58:40.599+01:00 DEBUG 56375 --- [todo-api-test] [           main] org.hibernate.SQL                        : 
    insert 
    into
        todos
        (completed, created_at, description, title, updated_at, id) 
    values
        (?, ?, ?, ?, ?, default)
Hibernate: 
    insert 
    into
        todos
        (completed, created_at, description, title, updated_at, id) 
    values
        (?, ?, ?, ?, ?, default)
2025-09-27T04:58:40.600+01:00 DEBUG 56375 --- [todo-api-test] [           main] org.hibernate.SQL                        : 
    insert 
    into
        todos
        (completed, created_at, description, title, updated_at, id) 
    values
        (?, ?, ?, ?, ?, default)
Hibernate: 
    insert 
    into
        todos
        (completed, created_at, description, title, updated_at, id) 
    values
        (?, ?, ?, ?, ?, default)
2025-09-27T04:58:40.612+01:00 DEBUG 56375 --- [todo-api-test] [           main] org.hibernate.SQL                        : 
    select
        t1_0.id,
        t1_0.completed,
        t1_0.created_at,
        t1_0.description,
        t1_0.title,
        t1_0.updated_at 
    from
        todos t1_0 
    where
        not(t1_0.completed)
Hibernate: 
    select
        t1_0.id,
        t1_0.completed,
        t1_0.created_at,
        t1_0.description,
        t1_0.title,
        t1_0.updated_at 
    from
        todos t1_0 
    where
        not(t1_0.completed)
]]></system-out>
  </testcase>
  <testcase name="findByCompletedTrue_ShouldReturnCompletedTodos" classname="com.olixc.todo.repository.TodoRepositoryTest" time="0.016">
    <system-out><![CDATA[2025-09-27T04:58:40.626+01:00 DEBUG 56375 --- [todo-api-test] [           main] org.hibernate.SQL                        : 
    insert 
    into
        todos
        (completed, created_at, description, title, updated_at, id) 
    values
        (?, ?, ?, ?, ?, default)
Hibernate: 
    insert 
    into
        todos
        (completed, created_at, description, title, updated_at, id) 
    values
        (?, ?, ?, ?, ?, default)
2025-09-27T04:58:40.629+01:00 DEBUG 56375 --- [todo-api-test] [           main] org.hibernate.SQL                        : 
    insert 
    into
        todos
        (completed, created_at, description, title, updated_at, id) 
    values
        (?, ?, ?, ?, ?, default)
Hibernate: 
    insert 
    into
        todos
        (completed, created_at, description, title, updated_at, id) 
    values
        (?, ?, ?, ?, ?, default)
2025-09-27T04:58:40.630+01:00 DEBUG 56375 --- [todo-api-test] [           main] org.hibernate.SQL                        : 
    insert 
    into
        todos
        (completed, created_at, description, title, updated_at, id) 
    values
        (?, ?, ?, ?, ?, default)
Hibernate: 
    insert 
    into
        todos
        (completed, created_at, description, title, updated_at, id) 
    values
        (?, ?, ?, ?, ?, default)
2025-09-27T04:58:40.634+01:00 DEBUG 56375 --- [todo-api-test] [           main] org.hibernate.SQL                        : 
    select
        t1_0.id,
        t1_0.completed,
        t1_0.created_at,
        t1_0.description,
        t1_0.title,
        t1_0.updated_at 
    from
        todos t1_0 
    where
        t1_0.completed
Hibernate: 
    select
        t1_0.id,
        t1_0.completed,
        t1_0.created_at,
        t1_0.description,
        t1_0.title,
        t1_0.updated_at 
    from
        todos t1_0 
    where
        t1_0.completed
]]></system-out>
  </testcase>
  <testcase name="findByTitleContainingIgnoreCase_WithNoMatches_ShouldReturnEmptyList" classname="com.olixc.todo.repository.TodoRepositoryTest" time="0.021">
    <system-out><![CDATA[2025-09-27T04:58:40.647+01:00 DEBUG 56375 --- [todo-api-test] [           main] org.hibernate.SQL                        : 
    insert 
    into
        todos
        (completed, created_at, description, title, updated_at, id) 
    values
        (?, ?, ?, ?, ?, default)
Hibernate: 
    insert 
    into
        todos
        (completed, created_at, description, title, updated_at, id) 
    values
        (?, ?, ?, ?, ?, default)
2025-09-27T04:58:40.650+01:00 DEBUG 56375 --- [todo-api-test] [           main] org.hibernate.SQL                        : 
    insert 
    into
        todos
        (completed, created_at, description, title, updated_at, id) 
    values
        (?, ?, ?, ?, ?, default)
Hibernate: 
    insert 
    into
        todos
        (completed, created_at, description, title, updated_at, id) 
    values
        (?, ?, ?, ?, ?, default)
2025-09-27T04:58:40.651+01:00 DEBUG 56375 --- [todo-api-test] [           main] org.hibernate.SQL                        : 
    insert 
    into
        todos
        (completed, created_at, description, title, updated_at, id) 
    values
        (?, ?, ?, ?, ?, default)
Hibernate: 
    insert 
    into
        todos
        (completed, created_at, description, title, updated_at, id) 
    values
        (?, ?, ?, ?, ?, default)
2025-09-27T04:58:40.658+01:00 DEBUG 56375 --- [todo-api-test] [           main] org.hibernate.SQL                        : 
    select
        t1_0.id,
        t1_0.completed,
        t1_0.created_at,
        t1_0.description,
        t1_0.title,
        t1_0.updated_at 
    from
        todos t1_0 
    where
        upper(t1_0.title) like upper(?) escape '\'
Hibernate: 
    select
        t1_0.id,
        t1_0.completed,
        t1_0.created_at,
        t1_0.description,
        t1_0.title,
        t1_0.updated_at 
    from
        todos t1_0 
    where
        upper(t1_0.title) like upper(?) escape '\'
]]></system-out>
  </testcase>
  <testcase name="findByTitleContainingIgnoreCase_WithCaseInsensitive_ShouldReturnMatchingTodos" classname="com.olixc.todo.repository.TodoRepositoryTest" time="0.021">
    <system-out><![CDATA[2025-09-27T04:58:40.668+01:00 DEBUG 56375 --- [todo-api-test] [           main] org.hibernate.SQL                        : 
    insert 
    into
        todos
        (completed, created_at, description, title, updated_at, id) 
    values
        (?, ?, ?, ?, ?, default)
Hibernate: 
    insert 
    into
        todos
        (completed, created_at, description, title, updated_at, id) 
    values
        (?, ?, ?, ?, ?, default)
2025-09-27T04:58:40.672+01:00 DEBUG 56375 --- [todo-api-test] [           main] org.hibernate.SQL                        : 
    insert 
    into
        todos
        (completed, created_at, description, title, updated_at, id) 
    values
        (?, ?, ?, ?, ?, default)
Hibernate: 
    insert 
    into
        todos
        (completed, created_at, description, title, updated_at, id) 
    values
        (?, ?, ?, ?, ?, default)
2025-09-27T04:58:40.675+01:00 DEBUG 56375 --- [todo-api-test] [           main] org.hibernate.SQL                        : 
    insert 
    into
        todos
        (completed, created_at, description, title, updated_at, id) 
    values
        (?, ?, ?, ?, ?, default)
Hibernate: 
    insert 
    into
        todos
        (completed, created_at, description, title, updated_at, id) 
    values
        (?, ?, ?, ?, ?, default)
2025-09-27T04:58:40.682+01:00 DEBUG 56375 --- [todo-api-test] [           main] org.hibernate.SQL                        : 
    select
        t1_0.id,
        t1_0.completed,
        t1_0.created_at,
        t1_0.description,
        t1_0.title,
        t1_0.updated_at 
    from
        todos t1_0 
    where
        upper(t1_0.title) like upper(?) escape '\'
Hibernate: 
    select
        t1_0.id,
        t1_0.completed,
        t1_0.created_at,
        t1_0.description,
        t1_0.title,
        t1_0.updated_at 
    from
        todos t1_0 
    where
        upper(t1_0.title) like upper(?) escape '\'
]]></system-out>
  </testcase>
  <testcase name="existsById_WhenTodoDoesNotExist_ShouldReturnFalse" classname="com.olixc.todo.repository.TodoRepositoryTest" time="0.025">
    <system-out><![CDATA[2025-09-27T04:58:40.691+01:00 DEBUG 56375 --- [todo-api-test] [           main] org.hibernate.SQL                        : 
    insert 
    into
        todos
        (completed, created_at, description, title, updated_at, id) 
    values
        (?, ?, ?, ?, ?, default)
Hibernate: 
    insert 
    into
        todos
        (completed, created_at, description, title, updated_at, id) 
    values
        (?, ?, ?, ?, ?, default)
2025-09-27T04:58:40.699+01:00 DEBUG 56375 --- [todo-api-test] [           main] org.hibernate.SQL                        : 
    insert 
    into
        todos
        (completed, created_at, description, title, updated_at, id) 
    values
        (?, ?, ?, ?, ?, default)
Hibernate: 
    insert 
    into
        todos
        (completed, created_at, description, title, updated_at, id) 
    values
        (?, ?, ?, ?, ?, default)
2025-09-27T04:58:40.705+01:00 DEBUG 56375 --- [todo-api-test] [           main] org.hibernate.SQL                        : 
    insert 
    into
        todos
        (completed, created_at, description, title, updated_at, id) 
    values
        (?, ?, ?, ?, ?, default)
Hibernate: 
    insert 
    into
        todos
        (completed, created_at, description, title, updated_at, id) 
    values
        (?, ?, ?, ?, ?, default)
2025-09-27T04:58:40.710+01:00 DEBUG 56375 --- [todo-api-test] [           main] org.hibernate.SQL                        : 
    select
        count(*) 
    from
        todos t1_0 
    where
        t1_0.id=?
Hibernate: 
    select
        count(*) 
    from
        todos t1_0 
    where
        t1_0.id=?
]]></system-out>
  </testcase>
  <testcase name="save_ShouldUpdateExistingTodo" classname="com.olixc.todo.repository.TodoRepositoryTest" time="0.019">
    <system-out><![CDATA[2025-09-27T04:58:40.723+01:00 DEBUG 56375 --- [todo-api-test] [           main] org.hibernate.SQL                        : 
    insert 
    into
        todos
        (completed, created_at, description, title, updated_at, id) 
    values
        (?, ?, ?, ?, ?, default)
Hibernate: 
    insert 
    into
        todos
        (completed, created_at, description, title, updated_at, id) 
    values
        (?, ?, ?, ?, ?, default)
2025-09-27T04:58:40.725+01:00 DEBUG 56375 --- [todo-api-test] [           main] org.hibernate.SQL                        : 
    insert 
    into
        todos
        (completed, created_at, description, title, updated_at, id) 
    values
        (?, ?, ?, ?, ?, default)
Hibernate: 
    insert 
    into
        todos
        (completed, created_at, description, title, updated_at, id) 
    values
        (?, ?, ?, ?, ?, default)
2025-09-27T04:58:40.727+01:00 DEBUG 56375 --- [todo-api-test] [           main] org.hibernate.SQL                        : 
    insert 
    into
        todos
        (completed, created_at, description, title, updated_at, id) 
    values
        (?, ?, ?, ?, ?, default)
Hibernate: 
    insert 
    into
        todos
        (completed, created_at, description, title, updated_at, id) 
    values
        (?, ?, ?, ?, ?, default)
]]></system-out>
  </testcase>
  <testcase name="findByCompleted_WhenCompletedTrue_ShouldReturnCompletedTodos" classname="com.olixc.todo.repository.TodoRepositoryTest" time="0.024">
    <system-out><![CDATA[2025-09-27T04:58:40.749+01:00 DEBUG 56375 --- [todo-api-test] [           main] org.hibernate.SQL                        : 
    insert 
    into
        todos
        (completed, created_at, description, title, updated_at, id) 
    values
        (?, ?, ?, ?, ?, default)
Hibernate: 
    insert 
    into
        todos
        (completed, created_at, description, title, updated_at, id) 
    values
        (?, ?, ?, ?, ?, default)
2025-09-27T04:58:40.752+01:00 DEBUG 56375 --- [todo-api-test] [           main] org.hibernate.SQL                        : 
    insert 
    into
        todos
        (completed, created_at, description, title, updated_at, id) 
    values
        (?, ?, ?, ?, ?, default)
Hibernate: 
    insert 
    into
        todos
        (completed, created_at, description, title, updated_at, id) 
    values
        (?, ?, ?, ?, ?, default)
2025-09-27T04:58:40.754+01:00 DEBUG 56375 --- [todo-api-test] [           main] org.hibernate.SQL                        : 
    insert 
    into
        todos
        (completed, created_at, description, title, updated_at, id) 
    values
        (?, ?, ?, ?, ?, default)
Hibernate: 
    insert 
    into
        todos
        (completed, created_at, description, title, updated_at, id) 
    values
        (?, ?, ?, ?, ?, default)
2025-09-27T04:58:40.759+01:00 DEBUG 56375 --- [todo-api-test] [           main] org.hibernate.SQL                        : 
    select
        t1_0.id,
        t1_0.completed,
        t1_0.created_at,
        t1_0.description,
        t1_0.title,
        t1_0.updated_at 
    from
        todos t1_0 
    where
        t1_0.completed=?
Hibernate: 
    select
        t1_0.id,
        t1_0.completed,
        t1_0.created_at,
        t1_0.description,
        t1_0.title,
        t1_0.updated_at 
    from
        todos t1_0 
    where
        t1_0.completed=?
]]></system-out>
  </testcase>
  <testcase name="findById_WhenTodoExists_ShouldReturnTodo" classname="com.olixc.todo.repository.TodoRepositoryTest" time="0.014">
    <system-out><![CDATA[2025-09-27T04:58:40.768+01:00 DEBUG 56375 --- [todo-api-test] [           main] org.hibernate.SQL                        : 
    insert 
    into
        todos
        (completed, created_at, description, title, updated_at, id) 
    values
        (?, ?, ?, ?, ?, default)
Hibernate: 
    insert 
    into
        todos
        (completed, created_at, description, title, updated_at, id) 
    values
        (?, ?, ?, ?, ?, default)
2025-09-27T04:58:40.772+01:00 DEBUG 56375 --- [todo-api-test] [           main] org.hibernate.SQL                        : 
    insert 
    into
        todos
        (completed, created_at, description, title, updated_at, id) 
    values
        (?, ?, ?, ?, ?, default)
Hibernate: 
    insert 
    into
        todos
        (completed, created_at, description, title, updated_at, id) 
    values
        (?, ?, ?, ?, ?, default)
2025-09-27T04:58:40.773+01:00 DEBUG 56375 --- [todo-api-test] [           main] org.hibernate.SQL                        : 
    insert 
    into
        todos
        (completed, created_at, description, title, updated_at, id) 
    values
        (?, ?, ?, ?, ?, default)
Hibernate: 
    insert 
    into
        todos
        (completed, created_at, description, title, updated_at, id) 
    values
        (?, ?, ?, ?, ?, default)
]]></system-out>
  </testcase>
</testsuite>